{"/Users/muradjabbarov/Desktop/js-files/redux-toolkit/redux/src/App.tsx": {"path":"/Users/muradjabbarov/Desktop/js-files/redux-toolkit/redux/src/App.tsx","all":false,"statementMap":{"0":{"start":{"line":1,"column":0},"end":{"line":1,"column":35}},"1":{"start":{"line":2,"column":0},"end":{"line":2,"column":19}},"2":{"start":{"line":3,"column":0},"end":{"line":3,"column":52}},"3":{"start":{"line":4,"column":0},"end":{"line":4,"column":48}},"4":{"start":{"line":5,"column":0},"end":{"line":5,"column":56}},"5":{"start":{"line":6,"column":0},"end":{"line":6,"column":75}},"7":{"start":{"line":8,"column":0},"end":{"line":8,"column":16}},"8":{"start":{"line":9,"column":0},"end":{"line":9,"column":67}},"10":{"start":{"line":11,"column":0},"end":{"line":11,"column":12}},"11":{"start":{"line":12,"column":0},"end":{"line":12,"column":10}},"12":{"start":{"line":13,"column":0},"end":{"line":13,"column":74}},"13":{"start":{"line":14,"column":0},"end":{"line":14,"column":26}},"14":{"start":{"line":15,"column":0},"end":{"line":15,"column":28}},"15":{"start":{"line":16,"column":0},"end":{"line":16,"column":30}},"16":{"start":{"line":17,"column":0},"end":{"line":17,"column":18}},"17":{"start":{"line":18,"column":0},"end":{"line":18,"column":11}},"19":{"start":{"line":20,"column":0},"end":{"line":20,"column":1}},"21":{"start":{"line":22,"column":0},"end":{"line":22,"column":19}}},"s":{"0":1,"1":1,"2":1,"3":1,"4":1,"5":1,"7":4,"8":4,"10":4,"11":4,"12":4,"13":4,"14":4,"15":4,"16":4,"17":4,"19":4,"21":1},"branchMap":{"0":{"type":"branch","line":8,"loc":{"start":{"line":8,"column":0},"end":{"line":20,"column":1}},"locations":[{"start":{"line":8,"column":0},"end":{"line":20,"column":1}}]}},"b":{"0":[4]},"fnMap":{"0":{"name":"App","decl":{"start":{"line":8,"column":0},"end":{"line":20,"column":1}},"loc":{"start":{"line":8,"column":0},"end":{"line":20,"column":1}},"line":8}},"f":{"0":4}}
,"/Users/muradjabbarov/Desktop/js-files/redux-toolkit/redux/src/main.tsx": {"path":"/Users/muradjabbarov/Desktop/js-files/redux-toolkit/redux/src/main.tsx","all":true,"statementMap":{"0":{"start":{"line":1,"column":0},"end":{"line":1,"column":26}},"1":{"start":{"line":2,"column":0},"end":{"line":2,"column":40}},"2":{"start":{"line":3,"column":0},"end":{"line":3,"column":39}},"3":{"start":{"line":4,"column":0},"end":{"line":4,"column":27}},"4":{"start":{"line":5,"column":0},"end":{"line":5,"column":39}},"5":{"start":{"line":6,"column":0},"end":{"line":6,"column":58}},"6":{"start":{"line":7,"column":0},"end":{"line":7,"column":21}},"8":{"start":{"line":9,"column":0},"end":{"line":9,"column":61}},"9":{"start":{"line":10,"column":0},"end":{"line":10,"column":22}},"10":{"start":{"line":11,"column":0},"end":{"line":11,"column":32}},"11":{"start":{"line":12,"column":0},"end":{"line":12,"column":27}},"12":{"start":{"line":13,"column":0},"end":{"line":13,"column":23}},"13":{"start":{"line":14,"column":0},"end":{"line":14,"column":28}},"14":{"start":{"line":15,"column":0},"end":{"line":15,"column":19}},"15":{"start":{"line":16,"column":0},"end":{"line":16,"column":23}},"16":{"start":{"line":17,"column":0},"end":{"line":17,"column":2}}},"s":{"0":0,"1":0,"2":0,"3":0,"4":0,"5":0,"6":0,"8":0,"9":0,"10":0,"11":0,"12":0,"13":0,"14":0,"15":0,"16":0},"branchMap":{"0":{"type":"branch","line":1,"loc":{"start":{"line":1,"column":503},"end":{"line":17,"column":2}},"locations":[{"start":{"line":1,"column":503},"end":{"line":17,"column":2}}]}},"b":{"0":[0]},"fnMap":{"0":{"name":"(empty-report)","decl":{"start":{"line":1,"column":503},"end":{"line":17,"column":2}},"loc":{"start":{"line":1,"column":503},"end":{"line":17,"column":2}},"line":1}},"f":{"0":0}}
,"/Users/muradjabbarov/Desktop/js-files/redux-toolkit/redux/src/api/booksApi.ts": {"path":"/Users/muradjabbarov/Desktop/js-files/redux-toolkit/redux/src/api/booksApi.ts","all":false,"statementMap":{"0":{"start":{"line":1,"column":0},"end":{"line":1,"column":73}},"14":{"start":{"line":15,"column":0},"end":{"line":15,"column":35}},"15":{"start":{"line":16,"column":0},"end":{"line":16,"column":28}},"16":{"start":{"line":17,"column":0},"end":{"line":17,"column":76}},"18":{"start":{"line":19,"column":0},"end":{"line":19,"column":30}},"19":{"start":{"line":20,"column":0},"end":{"line":20,"column":66}},"20":{"start":{"line":21,"column":0},"end":{"line":21,"column":77}},"21":{"start":{"line":22,"column":0},"end":{"line":22,"column":11}},"22":{"start":{"line":23,"column":0},"end":{"line":23,"column":7}},"23":{"start":{"line":24,"column":0},"end":{"line":24,"column":3}}},"s":{"0":1,"14":1,"15":1,"16":1,"18":1,"19":3,"20":3,"21":3,"22":3,"23":1},"branchMap":{"0":{"type":"branch","line":19,"loc":{"start":{"line":19,"column":15},"end":{"line":23,"column":7}},"locations":[{"start":{"line":19,"column":15},"end":{"line":23,"column":7}}]},"1":{"type":"branch","line":21,"loc":{"start":{"line":21,"column":19},"end":{"line":21,"column":77}},"locations":[{"start":{"line":21,"column":19},"end":{"line":21,"column":77}}]}},"b":{"0":[3],"1":[2]},"fnMap":{"0":{"name":"endpoints","decl":{"start":{"line":19,"column":15},"end":{"line":23,"column":7}},"loc":{"start":{"line":19,"column":15},"end":{"line":23,"column":7}},"line":19},"1":{"name":"query","decl":{"start":{"line":21,"column":19},"end":{"line":21,"column":77}},"loc":{"start":{"line":21,"column":19},"end":{"line":21,"column":77}},"line":21}},"f":{"0":3,"1":2}}
,"/Users/muradjabbarov/Desktop/js-files/redux-toolkit/redux/src/app/store.ts": {"path":"/Users/muradjabbarov/Desktop/js-files/redux-toolkit/redux/src/app/store.ts","all":false,"statementMap":{"0":{"start":{"line":1,"column":0},"end":{"line":1,"column":50}},"1":{"start":{"line":2,"column":0},"end":{"line":2,"column":46}},"2":{"start":{"line":3,"column":0},"end":{"line":3,"column":82}},"3":{"start":{"line":4,"column":0},"end":{"line":4,"column":65}},"4":{"start":{"line":5,"column":0},"end":{"line":5,"column":80}},"5":{"start":{"line":6,"column":0},"end":{"line":6,"column":56}},"7":{"start":{"line":8,"column":0},"end":{"line":8,"column":37}},"8":{"start":{"line":9,"column":0},"end":{"line":9,"column":14}},"9":{"start":{"line":10,"column":0},"end":{"line":10,"column":49}},"10":{"start":{"line":11,"column":0},"end":{"line":11,"column":38}},"11":{"start":{"line":12,"column":0},"end":{"line":12,"column":28}},"12":{"start":{"line":13,"column":0},"end":{"line":13,"column":44}},"13":{"start":{"line":14,"column":0},"end":{"line":14,"column":6}},"14":{"start":{"line":15,"column":0},"end":{"line":15,"column":93}},"15":{"start":{"line":16,"column":0},"end":{"line":16,"column":3}},"16":{"start":{"line":17,"column":0},"end":{"line":17,"column":31}}},"s":{"0":1,"1":1,"2":1,"3":1,"4":1,"5":1,"7":1,"8":1,"9":1,"10":1,"11":1,"12":1,"13":1,"14":1,"15":1,"16":1},"branchMap":{"0":{"type":"branch","line":15,"loc":{"start":{"line":15,"column":16},"end":{"line":15,"column":93}},"locations":[{"start":{"line":15,"column":16},"end":{"line":15,"column":93}}]}},"b":{"0":[4]},"fnMap":{"0":{"name":"middleware","decl":{"start":{"line":15,"column":16},"end":{"line":15,"column":93}},"loc":{"start":{"line":15,"column":16},"end":{"line":15,"column":93}},"line":15}},"f":{"0":4}}
,"/Users/muradjabbarov/Desktop/js-files/redux-toolkit/redux/src/components/BookList.tsx": {"path":"/Users/muradjabbarov/Desktop/js-files/redux-toolkit/redux/src/components/BookList.tsx","all":false,"statementMap":{"0":{"start":{"line":1,"column":0},"end":{"line":1,"column":24}},"1":{"start":{"line":2,"column":0},"end":{"line":2,"column":46}},"2":{"start":{"line":3,"column":0},"end":{"line":3,"column":55}},"4":{"start":{"line":5,"column":0},"end":{"line":5,"column":56}},"5":{"start":{"line":6,"column":0},"end":{"line":6,"column":50}},"6":{"start":{"line":7,"column":0},"end":{"line":7,"column":100}},"8":{"start":{"line":9,"column":0},"end":{"line":9,"column":76}},"10":{"start":{"line":11,"column":0},"end":{"line":11,"column":31}},"11":{"start":{"line":12,"column":0},"end":{"line":12,"column":81}},"12":{"start":{"line":13,"column":0},"end":{"line":13,"column":35}},"13":{"start":{"line":14,"column":0},"end":{"line":14,"column":88}},"14":{"start":{"line":15,"column":0},"end":{"line":15,"column":63}},"15":{"start":{"line":16,"column":0},"end":{"line":16,"column":84}},"17":{"start":{"line":18,"column":0},"end":{"line":18,"column":67}},"19":{"start":{"line":20,"column":0},"end":{"line":20,"column":45}},"20":{"start":{"line":21,"column":0},"end":{"line":21,"column":41}},"21":{"start":{"line":22,"column":0},"end":{"line":22,"column":45}},"22":{"start":{"line":23,"column":0},"end":{"line":23,"column":69}},"23":{"start":{"line":24,"column":0},"end":{"line":24,"column":34}},"24":{"start":{"line":25,"column":0},"end":{"line":25,"column":47}},"25":{"start":{"line":26,"column":0},"end":{"line":26,"column":16}},"26":{"start":{"line":27,"column":0},"end":{"line":27,"column":44}},"27":{"start":{"line":28,"column":0},"end":{"line":28,"column":54}},"28":{"start":{"line":29,"column":0},"end":{"line":29,"column":9}},"29":{"start":{"line":30,"column":0},"end":{"line":30,"column":6}},"31":{"start":{"line":32,"column":0},"end":{"line":32,"column":36}},"32":{"start":{"line":33,"column":0},"end":{"line":33,"column":38}},"33":{"start":{"line":34,"column":0},"end":{"line":34,"column":26}},"34":{"start":{"line":35,"column":0},"end":{"line":35,"column":6}},"36":{"start":{"line":37,"column":0},"end":{"line":37,"column":34}},"37":{"start":{"line":38,"column":0},"end":{"line":38,"column":60}},"38":{"start":{"line":39,"column":0},"end":{"line":39,"column":123}},"39":{"start":{"line":40,"column":0},"end":{"line":40,"column":100}},"41":{"start":{"line":42,"column":0},"end":{"line":42,"column":49}},"42":{"start":{"line":43,"column":0},"end":{"line":43,"column":46}},"43":{"start":{"line":44,"column":0},"end":{"line":44,"column":74}},"44":{"start":{"line":45,"column":0},"end":{"line":45,"column":40}},"45":{"start":{"line":46,"column":0},"end":{"line":46,"column":21}},"46":{"start":{"line":47,"column":0},"end":{"line":47,"column":40}},"47":{"start":{"line":48,"column":0},"end":{"line":48,"column":6}},"49":{"start":{"line":50,"column":0},"end":{"line":50,"column":21}},"50":{"start":{"line":51,"column":0},"end":{"line":51,"column":19}},"51":{"start":{"line":52,"column":0},"end":{"line":52,"column":44}},"52":{"start":{"line":53,"column":0},"end":{"line":53,"column":9}},"53":{"start":{"line":54,"column":0},"end":{"line":54,"column":25}},"55":{"start":{"line":56,"column":0},"end":{"line":56,"column":46}},"56":{"start":{"line":57,"column":0},"end":{"line":57,"column":66}},"58":{"start":{"line":59,"column":0},"end":{"line":59,"column":12}},"59":{"start":{"line":60,"column":0},"end":{"line":60,"column":41}},"60":{"start":{"line":61,"column":0},"end":{"line":61,"column":27}},"61":{"start":{"line":62,"column":0},"end":{"line":62,"column":56}},"62":{"start":{"line":63,"column":0},"end":{"line":63,"column":115}},"63":{"start":{"line":64,"column":0},"end":{"line":64,"column":98}},"64":{"start":{"line":65,"column":0},"end":{"line":65,"column":70}},"65":{"start":{"line":66,"column":0},"end":{"line":66,"column":52}},"67":{"start":{"line":68,"column":0},"end":{"line":68,"column":151}},"68":{"start":{"line":69,"column":0},"end":{"line":69,"column":30}},"69":{"start":{"line":70,"column":0},"end":{"line":70,"column":96}},"70":{"start":{"line":71,"column":0},"end":{"line":71,"column":26}},"71":{"start":{"line":72,"column":0},"end":{"line":72,"column":19}},"72":{"start":{"line":73,"column":0},"end":{"line":73,"column":41}},"73":{"start":{"line":74,"column":0},"end":{"line":74,"column":61}},"74":{"start":{"line":75,"column":0},"end":{"line":75,"column":137}},"75":{"start":{"line":76,"column":0},"end":{"line":76,"column":52}},"76":{"start":{"line":77,"column":0},"end":{"line":77,"column":89}},"78":{"start":{"line":79,"column":0},"end":{"line":79,"column":33}},"79":{"start":{"line":80,"column":0},"end":{"line":80,"column":117}},"81":{"start":{"line":82,"column":0},"end":{"line":82,"column":33}},"82":{"start":{"line":83,"column":0},"end":{"line":83,"column":26}},"83":{"start":{"line":84,"column":0},"end":{"line":84,"column":22}},"85":{"start":{"line":86,"column":0},"end":{"line":86,"column":14}},"87":{"start":{"line":88,"column":0},"end":{"line":88,"column":2}}},"s":{"0":1,"1":1,"2":1,"4":1,"5":1,"6":1,"8":1,"10":1,"11":13,"12":13,"13":13,"14":13,"15":13,"17":13,"19":13,"20":4,"21":4,"22":1,"23":1,"24":1,"25":4,"26":3,"27":3,"28":3,"29":4,"31":13,"32":1,"33":1,"34":1,"36":13,"37":1,"38":1,"39":1,"41":1,"42":1,"43":1,"44":1,"45":1,"46":1,"47":1,"49":13,"50":11,"51":9,"52":9,"53":13,"55":13,"56":9,"58":9,"59":9,"60":9,"61":9,"62":18,"63":18,"64":18,"65":18,"67":18,"68":18,"69":18,"70":18,"71":9,"72":13,"73":3,"74":3,"75":3,"76":3,"78":3,"79":3,"81":3,"82":3,"83":3,"85":13,"87":13},"branchMap":{"0":{"type":"branch","line":11,"loc":{"start":{"line":11,"column":24},"end":{"line":88,"column":2}},"locations":[{"start":{"line":11,"column":24},"end":{"line":88,"column":2}}]},"1":{"type":"branch","line":56,"loc":{"start":{"line":56,"column":19},"end":{"line":56,"column":46}},"locations":[{"start":{"line":56,"column":19},"end":{"line":56,"column":46}}]},"2":{"type":"branch","line":56,"loc":{"start":{"line":56,"column":40},"end":{"line":61,"column":27}},"locations":[{"start":{"line":56,"column":40},"end":{"line":61,"column":27}}]},"3":{"type":"branch","line":57,"loc":{"start":{"line":57,"column":15},"end":{"line":57,"column":66}},"locations":[{"start":{"line":57,"column":15},"end":{"line":57,"column":66}}]},"4":{"type":"branch","line":61,"loc":{"start":{"line":61,"column":19},"end":{"line":72,"column":19}},"locations":[{"start":{"line":61,"column":19},"end":{"line":72,"column":19}}]},"5":{"type":"branch","line":73,"loc":{"start":{"line":73,"column":35},"end":{"line":84,"column":22}},"locations":[{"start":{"line":73,"column":35},"end":{"line":84,"column":22}}]},"6":{"type":"branch","line":75,"loc":{"start":{"line":75,"column":108},"end":{"line":75,"column":122}},"locations":[{"start":{"line":75,"column":108},"end":{"line":75,"column":122}}]},"7":{"type":"branch","line":12,"loc":{"start":{"line":12,"column":36},"end":{"line":12,"column":79}},"locations":[{"start":{"line":12,"column":36},"end":{"line":12,"column":79}}]},"8":{"type":"branch","line":16,"loc":{"start":{"line":16,"column":41},"end":{"line":16,"column":82}},"locations":[{"start":{"line":16,"column":41},"end":{"line":16,"column":82}}]},"9":{"type":"branch","line":20,"loc":{"start":{"line":20,"column":28},"end":{"line":30,"column":6}},"locations":[{"start":{"line":20,"column":28},"end":{"line":30,"column":6}}]},"10":{"type":"branch","line":22,"loc":{"start":{"line":22,"column":44},"end":{"line":26,"column":15}},"locations":[{"start":{"line":22,"column":44},"end":{"line":26,"column":15}}]},"11":{"type":"branch","line":26,"loc":{"start":{"line":26,"column":8},"end":{"line":29,"column":9}},"locations":[{"start":{"line":26,"column":8},"end":{"line":29,"column":9}}]},"12":{"type":"branch","line":23,"loc":{"start":{"line":23,"column":43},"end":{"line":23,"column":67}},"locations":[{"start":{"line":23,"column":43},"end":{"line":23,"column":67}}]},"13":{"type":"branch","line":32,"loc":{"start":{"line":32,"column":29},"end":{"line":35,"column":6}},"locations":[{"start":{"line":32,"column":29},"end":{"line":35,"column":6}}]},"14":{"type":"branch","line":37,"loc":{"start":{"line":37,"column":27},"end":{"line":48,"column":6}},"locations":[{"start":{"line":37,"column":27},"end":{"line":48,"column":6}}]},"15":{"type":"branch","line":39,"loc":{"start":{"line":39,"column":41},"end":{"line":39,"column":110}},"locations":[{"start":{"line":39,"column":41},"end":{"line":39,"column":110}}]},"16":{"type":"branch","line":50,"loc":{"start":{"line":50,"column":14},"end":{"line":54,"column":7}},"locations":[{"start":{"line":50,"column":14},"end":{"line":54,"column":7}}]},"17":{"type":"branch","line":51,"loc":{"start":{"line":51,"column":18},"end":{"line":53,"column":9}},"locations":[{"start":{"line":51,"column":18},"end":{"line":53,"column":9}}]},"18":{"type":"branch","line":62,"loc":{"start":{"line":62,"column":45},"end":{"line":71,"column":26}},"locations":[{"start":{"line":62,"column":45},"end":{"line":71,"column":26}}]},"19":{"type":"branch","line":68,"loc":{"start":{"line":68,"column":85},"end":{"line":68,"column":110}},"locations":[{"start":{"line":68,"column":85},"end":{"line":68,"column":110}}]},"20":{"type":"branch","line":63,"loc":{"start":{"line":63,"column":86},"end":{"line":63,"column":115}},"locations":[{"start":{"line":63,"column":86},"end":{"line":63,"column":115}}]}},"b":{"0":[13],"1":[4],"2":[9],"3":[0],"4":[9],"5":[3],"6":[0],"7":[34],"8":[35],"9":[4],"10":[1],"11":[3],"12":[1],"13":[1],"14":[1],"15":[1],"16":[11],"17":[9],"18":[18],"19":[0],"20":[4]},"fnMap":{"0":{"name":"BookList","decl":{"start":{"line":11,"column":24},"end":{"line":88,"column":2}},"loc":{"start":{"line":11,"column":24},"end":{"line":88,"column":2}},"line":11},"1":{"name":"handleItemClick","decl":{"start":{"line":20,"column":28},"end":{"line":30,"column":6}},"loc":{"start":{"line":20,"column":28},"end":{"line":30,"column":6}},"line":20},"2":{"name":"handleClearItems","decl":{"start":{"line":32,"column":29},"end":{"line":35,"column":6}},"loc":{"start":{"line":32,"column":29},"end":{"line":35,"column":6}},"line":32},"3":{"name":"handleDownload","decl":{"start":{"line":37,"column":27},"end":{"line":48,"column":6}},"loc":{"start":{"line":37,"column":27},"end":{"line":48,"column":6}},"line":37},"4":{"name":"onClick","decl":{"start":{"line":63,"column":86},"end":{"line":63,"column":115}},"loc":{"start":{"line":63,"column":86},"end":{"line":63,"column":115}},"line":63}},"f":{"0":13,"1":4,"2":1,"3":1,"4":4}}
,"/Users/muradjabbarov/Desktop/js-files/redux-toolkit/redux/src/components/Header.tsx": {"path":"/Users/muradjabbarov/Desktop/js-files/redux-toolkit/redux/src/components/Header.tsx","all":false,"statementMap":{"0":{"start":{"line":1,"column":0},"end":{"line":1,"column":42}},"1":{"start":{"line":2,"column":0},"end":{"line":2,"column":22}},"2":{"start":{"line":3,"column":0},"end":{"line":3,"column":76}},"4":{"start":{"line":5,"column":0},"end":{"line":5,"column":29}},"5":{"start":{"line":6,"column":0},"end":{"line":6,"column":80}},"6":{"start":{"line":7,"column":0},"end":{"line":7,"column":23}},"8":{"start":{"line":9,"column":0},"end":{"line":9,"column":12}},"9":{"start":{"line":10,"column":0},"end":{"line":10,"column":35}},"10":{"start":{"line":11,"column":0},"end":{"line":11,"column":67}},"11":{"start":{"line":12,"column":0},"end":{"line":12,"column":17}},"12":{"start":{"line":13,"column":0},"end":{"line":13,"column":55}},"13":{"start":{"line":14,"column":0},"end":{"line":14,"column":95}},"14":{"start":{"line":15,"column":0},"end":{"line":15,"column":52}},"15":{"start":{"line":16,"column":0},"end":{"line":16,"column":24}},"16":{"start":{"line":17,"column":0},"end":{"line":17,"column":18}},"17":{"start":{"line":18,"column":0},"end":{"line":18,"column":17}},"19":{"start":{"line":20,"column":0},"end":{"line":20,"column":2}}},"s":{"0":1,"1":1,"2":1,"4":1,"5":5,"6":5,"8":5,"9":5,"10":5,"11":5,"12":5,"13":5,"14":5,"15":5,"16":5,"17":5,"19":5},"branchMap":{"0":{"type":"branch","line":5,"loc":{"start":{"line":5,"column":22},"end":{"line":20,"column":2}},"locations":[{"start":{"line":5,"column":22},"end":{"line":20,"column":2}}]}},"b":{"0":[5]},"fnMap":{"0":{"name":"Header","decl":{"start":{"line":5,"column":22},"end":{"line":20,"column":2}},"loc":{"start":{"line":5,"column":22},"end":{"line":20,"column":2}},"line":5}},"f":{"0":5}}
,"/Users/muradjabbarov/Desktop/js-files/redux-toolkit/redux/src/components/Pagination.tsx": {"path":"/Users/muradjabbarov/Desktop/js-files/redux-toolkit/redux/src/components/Pagination.tsx","all":false,"statementMap":{"0":{"start":{"line":1,"column":0},"end":{"line":1,"column":35}},"1":{"start":{"line":2,"column":0},"end":{"line":2,"column":55}},"3":{"start":{"line":4,"column":0},"end":{"line":4,"column":76}},"4":{"start":{"line":5,"column":0},"end":{"line":5,"column":55}},"5":{"start":{"line":6,"column":0},"end":{"line":6,"column":26}},"7":{"start":{"line":8,"column":0},"end":{"line":8,"column":33}},"8":{"start":{"line":9,"column":0},"end":{"line":9,"column":35}},"9":{"start":{"line":10,"column":0},"end":{"line":10,"column":81}},"10":{"start":{"line":11,"column":0},"end":{"line":11,"column":67}},"12":{"start":{"line":13,"column":0},"end":{"line":13,"column":32}},"13":{"start":{"line":14,"column":0},"end":{"line":14,"column":43}},"14":{"start":{"line":15,"column":0},"end":{"line":15,"column":6}},"16":{"start":{"line":17,"column":0},"end":{"line":17,"column":32}},"17":{"start":{"line":18,"column":0},"end":{"line":18,"column":43}},"18":{"start":{"line":19,"column":0},"end":{"line":19,"column":6}},"20":{"start":{"line":21,"column":0},"end":{"line":21,"column":12}},"21":{"start":{"line":22,"column":0},"end":{"line":22,"column":51}},"22":{"start":{"line":23,"column":0},"end":{"line":23,"column":141}},"24":{"start":{"line":25,"column":0},"end":{"line":25,"column":21}},"25":{"start":{"line":26,"column":0},"end":{"line":26,"column":69}},"26":{"start":{"line":27,"column":0},"end":{"line":27,"column":142}},"28":{"start":{"line":29,"column":0},"end":{"line":29,"column":21}},"29":{"start":{"line":30,"column":0},"end":{"line":30,"column":14}},"31":{"start":{"line":32,"column":0},"end":{"line":32,"column":2}}},"s":{"0":1,"1":1,"3":1,"4":1,"5":1,"7":1,"8":6,"9":6,"10":6,"12":6,"13":1,"14":1,"16":6,"17":1,"18":1,"20":6,"21":6,"22":6,"24":6,"25":6,"26":6,"28":6,"29":6,"31":6},"branchMap":{"0":{"type":"branch","line":8,"loc":{"start":{"line":8,"column":26},"end":{"line":32,"column":2}},"locations":[{"start":{"line":8,"column":26},"end":{"line":32,"column":2}}]},"1":{"type":"branch","line":10,"loc":{"start":{"line":10,"column":36},"end":{"line":10,"column":79}},"locations":[{"start":{"line":10,"column":36},"end":{"line":10,"column":79}}]},"2":{"type":"branch","line":13,"loc":{"start":{"line":13,"column":25},"end":{"line":15,"column":6}},"locations":[{"start":{"line":13,"column":25},"end":{"line":15,"column":6}}]},"3":{"type":"branch","line":17,"loc":{"start":{"line":17,"column":25},"end":{"line":19,"column":6}},"locations":[{"start":{"line":17,"column":25},"end":{"line":19,"column":6}}]}},"b":{"0":[6],"1":[14],"2":[1],"3":[1]},"fnMap":{"0":{"name":"Pagination","decl":{"start":{"line":8,"column":26},"end":{"line":32,"column":2}},"loc":{"start":{"line":8,"column":26},"end":{"line":32,"column":2}},"line":8},"1":{"name":"onPrevButton","decl":{"start":{"line":13,"column":25},"end":{"line":15,"column":6}},"loc":{"start":{"line":13,"column":25},"end":{"line":15,"column":6}},"line":13},"2":{"name":"onNextButton","decl":{"start":{"line":17,"column":25},"end":{"line":19,"column":6}},"loc":{"start":{"line":17,"column":25},"end":{"line":19,"column":6}},"line":17}},"f":{"0":6,"1":1,"2":1}}
,"/Users/muradjabbarov/Desktop/js-files/redux-toolkit/redux/src/context/ThemeContext.tsx": {"path":"/Users/muradjabbarov/Desktop/js-files/redux-toolkit/redux/src/context/ThemeContext.tsx","all":false,"statementMap":{"0":{"start":{"line":1,"column":0},"end":{"line":1,"column":66}},"9":{"start":{"line":10,"column":0},"end":{"line":10,"column":83}},"16":{"start":{"line":17,"column":0},"end":{"line":17,"column":78}},"17":{"start":{"line":18,"column":0},"end":{"line":18,"column":55}},"19":{"start":{"line":20,"column":0},"end":{"line":20,"column":31}},"20":{"start":{"line":21,"column":0},"end":{"line":21,"column":76}},"21":{"start":{"line":22,"column":0},"end":{"line":22,"column":6}},"23":{"start":{"line":24,"column":0},"end":{"line":24,"column":100}},"24":{"start":{"line":25,"column":0},"end":{"line":25,"column":2}}},"s":{"0":1,"9":1,"16":1,"17":5,"19":5,"20":2,"21":2,"23":5,"24":5},"branchMap":{"0":{"type":"branch","line":17,"loc":{"start":{"line":17,"column":59},"end":{"line":25,"column":2}},"locations":[{"start":{"line":17,"column":59},"end":{"line":25,"column":2}}]},"1":{"type":"branch","line":20,"loc":{"start":{"line":20,"column":24},"end":{"line":22,"column":6}},"locations":[{"start":{"line":20,"column":24},"end":{"line":22,"column":6}}]},"2":{"type":"branch","line":21,"loc":{"start":{"line":21,"column":17},"end":{"line":21,"column":74}},"locations":[{"start":{"line":21,"column":17},"end":{"line":21,"column":74}}]},"3":{"type":"branch","line":21,"loc":{"start":{"line":21,"column":47},"end":{"line":21,"column":66}},"locations":[{"start":{"line":21,"column":47},"end":{"line":21,"column":66}}]},"4":{"type":"branch","line":21,"loc":{"start":{"line":21,"column":57},"end":{"line":21,"column":74}},"locations":[{"start":{"line":21,"column":57},"end":{"line":21,"column":74}}]}},"b":{"0":[5],"1":[2],"2":[2],"3":[1],"4":[1]},"fnMap":{"0":{"name":"ThemeProvider","decl":{"start":{"line":17,"column":59},"end":{"line":25,"column":2}},"loc":{"start":{"line":17,"column":59},"end":{"line":25,"column":2}},"line":17},"1":{"name":"toggleTheme","decl":{"start":{"line":20,"column":24},"end":{"line":22,"column":6}},"loc":{"start":{"line":20,"column":24},"end":{"line":22,"column":6}},"line":20}},"f":{"0":5,"1":2}}
,"/Users/muradjabbarov/Desktop/js-files/redux-toolkit/redux/src/slices/itemSlice.ts": {"path":"/Users/muradjabbarov/Desktop/js-files/redux-toolkit/redux/src/slices/itemSlice.ts","all":false,"statementMap":{"0":{"start":{"line":1,"column":0},"end":{"line":1,"column":62}},"7":{"start":{"line":8,"column":0},"end":{"line":8,"column":33}},"8":{"start":{"line":9,"column":0},"end":{"line":9,"column":13}},"9":{"start":{"line":10,"column":0},"end":{"line":10,"column":2}},"11":{"start":{"line":12,"column":0},"end":{"line":12,"column":32}},"12":{"start":{"line":13,"column":0},"end":{"line":13,"column":18}},"13":{"start":{"line":14,"column":0},"end":{"line":14,"column":17}},"14":{"start":{"line":15,"column":0},"end":{"line":15,"column":15}},"15":{"start":{"line":16,"column":0},"end":{"line":16,"column":56}},"16":{"start":{"line":17,"column":0},"end":{"line":17,"column":40}},"17":{"start":{"line":18,"column":0},"end":{"line":18,"column":10}},"18":{"start":{"line":19,"column":0},"end":{"line":19,"column":6}},"19":{"start":{"line":20,"column":0},"end":{"line":20,"column":3}},"21":{"start":{"line":22,"column":0},"end":{"line":22,"column":47}},"22":{"start":{"line":23,"column":0},"end":{"line":23,"column":34}}},"s":{"0":1,"7":1,"8":1,"9":1,"11":1,"12":1,"13":1,"14":1,"15":1,"16":9,"17":9,"18":1,"19":1,"21":1,"22":1},"branchMap":{"0":{"type":"branch","line":16,"loc":{"start":{"line":16,"column":8},"end":{"line":18,"column":10}},"locations":[{"start":{"line":16,"column":8},"end":{"line":18,"column":10}}]}},"b":{"0":[9]},"fnMap":{"0":{"name":"setItems","decl":{"start":{"line":16,"column":8},"end":{"line":18,"column":10}},"loc":{"start":{"line":16,"column":8},"end":{"line":18,"column":10}},"line":16}},"f":{"0":9}}
,"/Users/muradjabbarov/Desktop/js-files/redux-toolkit/redux/src/slices/paginationSlice.ts": {"path":"/Users/muradjabbarov/Desktop/js-files/redux-toolkit/redux/src/slices/paginationSlice.ts","all":false,"statementMap":{"0":{"start":{"line":1,"column":0},"end":{"line":1,"column":62}},"6":{"start":{"line":7,"column":0},"end":{"line":7,"column":39}},"7":{"start":{"line":8,"column":0},"end":{"line":8,"column":11}},"8":{"start":{"line":9,"column":0},"end":{"line":9,"column":2}},"10":{"start":{"line":11,"column":0},"end":{"line":11,"column":37}},"11":{"start":{"line":12,"column":0},"end":{"line":12,"column":23}},"12":{"start":{"line":13,"column":0},"end":{"line":13,"column":17}},"13":{"start":{"line":14,"column":0},"end":{"line":14,"column":15}},"14":{"start":{"line":15,"column":0},"end":{"line":15,"column":60}},"15":{"start":{"line":16,"column":0},"end":{"line":16,"column":40}},"16":{"start":{"line":17,"column":0},"end":{"line":17,"column":10}},"18":{"start":{"line":19,"column":0},"end":{"line":19,"column":6}},"19":{"start":{"line":20,"column":0},"end":{"line":20,"column":3}},"21":{"start":{"line":22,"column":0},"end":{"line":22,"column":51}},"22":{"start":{"line":23,"column":0},"end":{"line":23,"column":39}}},"s":{"0":1,"6":1,"7":1,"8":1,"10":1,"11":1,"12":1,"13":1,"14":1,"15":2,"16":2,"18":1,"19":1,"21":1,"22":1},"branchMap":{"0":{"type":"branch","line":15,"loc":{"start":{"line":15,"column":17},"end":{"line":17,"column":10}},"locations":[{"start":{"line":15,"column":17},"end":{"line":17,"column":10}}]}},"b":{"0":[2]},"fnMap":{"0":{"name":"setPage","decl":{"start":{"line":15,"column":17},"end":{"line":17,"column":10}},"loc":{"start":{"line":15,"column":17},"end":{"line":17,"column":10}},"line":15}},"f":{"0":2}}
,"/Users/muradjabbarov/Desktop/js-files/redux-toolkit/redux/src/slices/selectedItems.ts": {"path":"/Users/muradjabbarov/Desktop/js-files/redux-toolkit/redux/src/slices/selectedItems.ts","all":false,"statementMap":{"0":{"start":{"line":1,"column":0},"end":{"line":1,"column":62}},"7":{"start":{"line":8,"column":0},"end":{"line":8,"column":36}},"8":{"start":{"line":9,"column":0},"end":{"line":9,"column":21}},"9":{"start":{"line":10,"column":0},"end":{"line":10,"column":2}},"11":{"start":{"line":12,"column":0},"end":{"line":12,"column":39}},"12":{"start":{"line":13,"column":0},"end":{"line":13,"column":25}},"13":{"start":{"line":14,"column":0},"end":{"line":14,"column":17}},"14":{"start":{"line":15,"column":0},"end":{"line":15,"column":15}},"15":{"start":{"line":16,"column":0},"end":{"line":16,"column":61}},"16":{"start":{"line":17,"column":0},"end":{"line":17,"column":52}},"17":{"start":{"line":18,"column":0},"end":{"line":18,"column":10}},"18":{"start":{"line":19,"column":0},"end":{"line":19,"column":43}},"19":{"start":{"line":20,"column":0},"end":{"line":20,"column":100}},"20":{"start":{"line":21,"column":0},"end":{"line":21,"column":10}},"21":{"start":{"line":22,"column":0},"end":{"line":22,"column":34}},"22":{"start":{"line":23,"column":0},"end":{"line":23,"column":36}},"23":{"start":{"line":24,"column":0},"end":{"line":24,"column":10}},"24":{"start":{"line":25,"column":0},"end":{"line":25,"column":6}},"25":{"start":{"line":26,"column":0},"end":{"line":26,"column":3}},"27":{"start":{"line":28,"column":0},"end":{"line":28,"column":100}},"28":{"start":{"line":29,"column":0},"end":{"line":29,"column":41}}},"s":{"0":1,"7":1,"8":1,"9":1,"11":1,"12":1,"13":1,"14":1,"15":1,"16":3,"17":3,"18":1,"19":1,"20":1,"21":1,"22":1,"23":1,"24":1,"25":1,"27":1,"28":1},"branchMap":{"0":{"type":"branch","line":16,"loc":{"start":{"line":16,"column":8},"end":{"line":18,"column":10}},"locations":[{"start":{"line":16,"column":8},"end":{"line":18,"column":10}}]},"1":{"type":"branch","line":19,"loc":{"start":{"line":19,"column":8},"end":{"line":21,"column":10}},"locations":[{"start":{"line":19,"column":8},"end":{"line":21,"column":10}}]},"2":{"type":"branch","line":20,"loc":{"start":{"line":20,"column":59},"end":{"line":20,"column":98}},"locations":[{"start":{"line":20,"column":59},"end":{"line":20,"column":98}}]},"3":{"type":"branch","line":22,"loc":{"start":{"line":22,"column":8},"end":{"line":24,"column":10}},"locations":[{"start":{"line":22,"column":8},"end":{"line":24,"column":10}}]}},"b":{"0":[3],"1":[1],"2":[1],"3":[1]},"fnMap":{"0":{"name":"setSelectedItem","decl":{"start":{"line":16,"column":8},"end":{"line":18,"column":10}},"loc":{"start":{"line":16,"column":8},"end":{"line":18,"column":10}},"line":16},"1":{"name":"removeSelectedItem","decl":{"start":{"line":19,"column":8},"end":{"line":21,"column":10}},"loc":{"start":{"line":19,"column":8},"end":{"line":21,"column":10}},"line":19},"2":{"name":"clearSelectedItem","decl":{"start":{"line":22,"column":8},"end":{"line":24,"column":10}},"loc":{"start":{"line":22,"column":8},"end":{"line":24,"column":10}},"line":22}},"f":{"0":3,"1":1,"2":1}}
}
